<?xml version="1.0" encoding="UTF-8"?>
<testsuite xmlns:xsi="http://www.w3.org/2001/XMLSchema-instance" xsi:noNamespaceSchemaLocation="https://maven.apache.org/surefire/maven-surefire-plugin/xsd/surefire-test-report.xsd" name="com.upgrad.quora.api.controller.QuestionControllerTest" time="5.044" tests="16" errors="1" skipped="0" failures="2">
  <properties>
[...]
</properties>
  <testcase name="getAllQuestionsWithSignedOutUser" classname="com.upgrad.quora.api.controller.QuestionControllerTest" time="0.371"/>
  <testcase name="deleteQuestionWithSignedOutUser" classname="com.upgrad.quora.api.controller.QuestionControllerTest" time="0.018"/>
  <testcase name="deleteQuestionWithoutOwnership" classname="com.upgrad.quora.api.controller.QuestionControllerTest" time="0.015"/>
  <testcase name="createQuestionWithSignedOutUser" classname="com.upgrad.quora.api.controller.QuestionControllerTest" time="0.033">
    <failure message="Status expected:&lt;403&gt; but was:&lt;400&gt;" type="java.lang.AssertionError"><![CDATA[java.lang.AssertionError: Status expected:<403> but was:<400>
	at com.upgrad.quora.api.controller.QuestionControllerTest.createQuestionWithSignedOutUser(QuestionControllerTest.java:39)
]]></failure>
    <system-out><![CDATA[2020-08-24 00:20:15.573  WARN 17828 --- [           main] .w.s.m.s.DefaultHandlerExceptionResolver : Failed to read HTTP message: org.springframework.http.converter.HttpMessageNotReadableException: Required request body is missing: public org.springframework.http.ResponseEntity<com.upgrad.quora.api.model.QuestionResponse> com.upgrad.quora.api.controller.QuestionController.createQuestion(com.upgrad.quora.api.model.QuestionRequest,java.lang.String) throws com.upgrad.quora.service.exception.AuthorizationFailedException,com.upgrad.quora.service.exception.UserNotFoundException

MockHttpServletRequest:
      HTTP Method = GET
      Request URI = /question/all
       Parameters = {}
          Headers = {authorization=[database_accesstoken3]}
             Body = null
    Session Attrs = {}

Handler:
             Type = com.upgrad.quora.api.controller.QuestionController
           Method = public org.springframework.http.ResponseEntity<java.util.List<com.upgrad.quora.service.entity.QuestionEntity>> com.upgrad.quora.api.controller.QuestionController.getAllQuestion(java.lang.String) throws com.upgrad.quora.service.exception.AuthorizationFailedException,com.upgrad.quora.service.exception.UserNotFoundException

Async:
    Async started = false
     Async result = null

Resolved Exception:
             Type = com.upgrad.quora.service.exception.AuthorizationFailedException

ModelAndView:
        View name = null
             View = null
            Model = null

FlashMap:
       Attributes = null

MockHttpServletResponse:
           Status = 403
    Error message = null
          Headers = {Content-Type=[application/json;charset=UTF-8]}
     Content type = application/json;charset=UTF-8
             Body = {"code":"ATHR-002","message":"User is signed out","root_cause":null}
    Forwarded URL = null
   Redirected URL = null
          Cookies = []

MockHttpServletRequest:
      HTTP Method = DELETE
      Request URI = /question/delete/database_question_uuid
       Parameters = {}
          Headers = {authorization=[database_accesstoken3]}
             Body = null
    Session Attrs = {}

Handler:
             Type = com.upgrad.quora.api.controller.QuestionController
           Method = public org.springframework.http.ResponseEntity<com.upgrad.quora.api.model.QuestionDeleteResponse> com.upgrad.quora.api.controller.QuestionController.deleteQuestion(java.lang.String,java.lang.String) throws com.upgrad.quora.service.exception.AuthorizationFailedException,com.upgrad.quora.service.exception.InvalidQuestionException

Async:
    Async started = false
     Async result = null

Resolved Exception:
             Type = com.upgrad.quora.service.exception.AuthorizationFailedException

ModelAndView:
        View name = null
             View = null
            Model = null

FlashMap:
       Attributes = null

MockHttpServletResponse:
           Status = 403
    Error message = null
          Headers = {Content-Type=[application/json;charset=UTF-8]}
     Content type = application/json;charset=UTF-8
             Body = {"code":"ATHR-002","message":"User is signed out.Sign in first to delete a question","root_cause":null}
    Forwarded URL = null
   Redirected URL = null
          Cookies = []

MockHttpServletRequest:
      HTTP Method = DELETE
      Request URI = /question/delete/database_question_uuid
       Parameters = {}
          Headers = {authorization=[database_accesstoken2]}
             Body = null
    Session Attrs = {}

Handler:
             Type = com.upgrad.quora.api.controller.QuestionController
           Method = public org.springframework.http.ResponseEntity<com.upgrad.quora.api.model.QuestionDeleteResponse> com.upgrad.quora.api.controller.QuestionController.deleteQuestion(java.lang.String,java.lang.String) throws com.upgrad.quora.service.exception.AuthorizationFailedException,com.upgrad.quora.service.exception.InvalidQuestionException

Async:
    Async started = false
     Async result = null

Resolved Exception:
             Type = com.upgrad.quora.service.exception.AuthorizationFailedException

ModelAndView:
        View name = null
             View = null
            Model = null

FlashMap:
       Attributes = null

MockHttpServletResponse:
           Status = 403
    Error message = null
          Headers = {Content-Type=[application/json;charset=UTF-8]}
     Content type = application/json;charset=UTF-8
             Body = {"code":"ATHR-003","message":"Only the question owner or admin can delete the question","root_cause":null}
    Forwarded URL = null
   Redirected URL = null
          Cookies = []

MockHttpServletRequest:
      HTTP Method = POST
      Request URI = /question/create
       Parameters = {content=[my_question]}
          Headers = {Content-Type=[application/json;charset=UTF-8], authorization=[database_accesstoken3]}
             Body = null
    Session Attrs = {}

Handler:
             Type = com.upgrad.quora.api.controller.QuestionController
           Method = public org.springframework.http.ResponseEntity<com.upgrad.quora.api.model.QuestionResponse> com.upgrad.quora.api.controller.QuestionController.createQuestion(com.upgrad.quora.api.model.QuestionRequest,java.lang.String) throws com.upgrad.quora.service.exception.AuthorizationFailedException,com.upgrad.quora.service.exception.UserNotFoundException

Async:
    Async started = false
     Async result = null

Resolved Exception:
             Type = org.springframework.http.converter.HttpMessageNotReadableException

ModelAndView:
        View name = null
             View = null
            Model = null

FlashMap:
       Attributes = null

MockHttpServletResponse:
           Status = 400
    Error message = null
          Headers = {}
     Content type = null
             Body = 
    Forwarded URL = null
   Redirected URL = null
          Cookies = []
]]></system-out>
  </testcase>
  <testcase name="getAllQuestionsByUserWithNonExistingAccessToken" classname="com.upgrad.quora.api.controller.QuestionControllerTest" time="0.003"/>
  <testcase name="getAllQuestionsForNonExistingUser" classname="com.upgrad.quora.api.controller.QuestionControllerTest" time="0.008"/>
  <testcase name="createQuestionWithNonExistingAccessToken" classname="com.upgrad.quora.api.controller.QuestionControllerTest" time="0.018">
    <failure message="Status expected:&lt;403&gt; but was:&lt;400&gt;" type="java.lang.AssertionError"><![CDATA[java.lang.AssertionError: Status expected:<403> but was:<400>
	at com.upgrad.quora.api.controller.QuestionControllerTest.createQuestionWithNonExistingAccessToken(QuestionControllerTest.java:31)
]]></failure>
    <system-out><![CDATA[2020-08-24 00:20:15.598  WARN 17828 --- [           main] .w.s.m.s.DefaultHandlerExceptionResolver : Failed to read HTTP message: org.springframework.http.converter.HttpMessageNotReadableException: Required request body is missing: public org.springframework.http.ResponseEntity<com.upgrad.quora.api.model.QuestionResponse> com.upgrad.quora.api.controller.QuestionController.createQuestion(com.upgrad.quora.api.model.QuestionRequest,java.lang.String) throws com.upgrad.quora.service.exception.AuthorizationFailedException,com.upgrad.quora.service.exception.UserNotFoundException

MockHttpServletRequest:
      HTTP Method = GET
      Request URI = /question/all
       Parameters = {}
          Headers = {authorization=[database_accesstoken3]}
             Body = null
    Session Attrs = {}

Handler:
             Type = com.upgrad.quora.api.controller.QuestionController
           Method = public org.springframework.http.ResponseEntity<java.util.List<com.upgrad.quora.service.entity.QuestionEntity>> com.upgrad.quora.api.controller.QuestionController.getAllQuestion(java.lang.String) throws com.upgrad.quora.service.exception.AuthorizationFailedException,com.upgrad.quora.service.exception.UserNotFoundException

Async:
    Async started = false
     Async result = null

Resolved Exception:
             Type = com.upgrad.quora.service.exception.AuthorizationFailedException

ModelAndView:
        View name = null
             View = null
            Model = null

FlashMap:
       Attributes = null

MockHttpServletResponse:
           Status = 403
    Error message = null
          Headers = {Content-Type=[application/json;charset=UTF-8]}
     Content type = application/json;charset=UTF-8
             Body = {"code":"ATHR-002","message":"User is signed out","root_cause":null}
    Forwarded URL = null
   Redirected URL = null
          Cookies = []

MockHttpServletRequest:
      HTTP Method = DELETE
      Request URI = /question/delete/database_question_uuid
       Parameters = {}
          Headers = {authorization=[database_accesstoken3]}
             Body = null
    Session Attrs = {}

Handler:
             Type = com.upgrad.quora.api.controller.QuestionController
           Method = public org.springframework.http.ResponseEntity<com.upgrad.quora.api.model.QuestionDeleteResponse> com.upgrad.quora.api.controller.QuestionController.deleteQuestion(java.lang.String,java.lang.String) throws com.upgrad.quora.service.exception.AuthorizationFailedException,com.upgrad.quora.service.exception.InvalidQuestionException

Async:
    Async started = false
     Async result = null

Resolved Exception:
             Type = com.upgrad.quora.service.exception.AuthorizationFailedException

ModelAndView:
        View name = null
             View = null
            Model = null

FlashMap:
       Attributes = null

MockHttpServletResponse:
           Status = 403
    Error message = null
          Headers = {Content-Type=[application/json;charset=UTF-8]}
     Content type = application/json;charset=UTF-8
             Body = {"code":"ATHR-002","message":"User is signed out.Sign in first to delete a question","root_cause":null}
    Forwarded URL = null
   Redirected URL = null
          Cookies = []

MockHttpServletRequest:
      HTTP Method = DELETE
      Request URI = /question/delete/database_question_uuid
       Parameters = {}
          Headers = {authorization=[database_accesstoken2]}
             Body = null
    Session Attrs = {}

Handler:
             Type = com.upgrad.quora.api.controller.QuestionController
           Method = public org.springframework.http.ResponseEntity<com.upgrad.quora.api.model.QuestionDeleteResponse> com.upgrad.quora.api.controller.QuestionController.deleteQuestion(java.lang.String,java.lang.String) throws com.upgrad.quora.service.exception.AuthorizationFailedException,com.upgrad.quora.service.exception.InvalidQuestionException

Async:
    Async started = false
     Async result = null

Resolved Exception:
             Type = com.upgrad.quora.service.exception.AuthorizationFailedException

ModelAndView:
        View name = null
             View = null
            Model = null

FlashMap:
       Attributes = null

MockHttpServletResponse:
           Status = 403
    Error message = null
          Headers = {Content-Type=[application/json;charset=UTF-8]}
     Content type = application/json;charset=UTF-8
             Body = {"code":"ATHR-003","message":"Only the question owner or admin can delete the question","root_cause":null}
    Forwarded URL = null
   Redirected URL = null
          Cookies = []

MockHttpServletRequest:
      HTTP Method = POST
      Request URI = /question/create
       Parameters = {content=[my_question]}
          Headers = {Content-Type=[application/json;charset=UTF-8], authorization=[database_accesstoken3]}
             Body = null
    Session Attrs = {}

Handler:
             Type = com.upgrad.quora.api.controller.QuestionController
           Method = public org.springframework.http.ResponseEntity<com.upgrad.quora.api.model.QuestionResponse> com.upgrad.quora.api.controller.QuestionController.createQuestion(com.upgrad.quora.api.model.QuestionRequest,java.lang.String) throws com.upgrad.quora.service.exception.AuthorizationFailedException,com.upgrad.quora.service.exception.UserNotFoundException

Async:
    Async started = false
     Async result = null

Resolved Exception:
             Type = org.springframework.http.converter.HttpMessageNotReadableException

ModelAndView:
        View name = null
             View = null
            Model = null

FlashMap:
       Attributes = null

MockHttpServletResponse:
           Status = 400
    Error message = null
          Headers = {}
     Content type = null
             Body = 
    Forwarded URL = null
   Redirected URL = null
          Cookies = []

MockHttpServletRequest:
      HTTP Method = GET
      Request URI = /question/all/database_uuid1
       Parameters = {}
          Headers = {authorization=[non_existing_access_token]}
             Body = null
    Session Attrs = {}

Handler:
             Type = com.upgrad.quora.api.controller.QuestionController
           Method = public org.springframework.http.ResponseEntity<java.util.List<com.upgrad.quora.api.model.QuestionDetailsResponse>> com.upgrad.quora.api.controller.QuestionController.getAllQuestionsByUser(java.lang.String,java.lang.String) throws com.upgrad.quora.service.exception.AuthorizationFailedException,com.upgrad.quora.service.exception.UserNotFoundException

Async:
    Async started = false
     Async result = null

Resolved Exception:
             Type = com.upgrad.quora.service.exception.AuthorizationFailedException

ModelAndView:
        View name = null
             View = null
            Model = null

FlashMap:
       Attributes = null

MockHttpServletResponse:
           Status = 403
    Error message = null
          Headers = {Content-Type=[application/json;charset=UTF-8]}
     Content type = application/json;charset=UTF-8
             Body = {"code":"ATHR-001","message":"User has not signed in","root_cause":null}
    Forwarded URL = null
   Redirected URL = null
          Cookies = []

MockHttpServletRequest:
      HTTP Method = GET
      Request URI = /question/all/non_existing_user_uuid
       Parameters = {}
          Headers = {authorization=[database_accesstoken1]}
             Body = null
    Session Attrs = {}

Handler:
             Type = com.upgrad.quora.api.controller.QuestionController
           Method = public org.springframework.http.ResponseEntity<java.util.List<com.upgrad.quora.api.model.QuestionDetailsResponse>> com.upgrad.quora.api.controller.QuestionController.getAllQuestionsByUser(java.lang.String,java.lang.String) throws com.upgrad.quora.service.exception.AuthorizationFailedException,com.upgrad.quora.service.exception.UserNotFoundException

Async:
    Async started = false
     Async result = null

Resolved Exception:
             Type = com.upgrad.quora.service.exception.UserNotFoundException

ModelAndView:
        View name = null
             View = null
            Model = null

FlashMap:
       Attributes = null

MockHttpServletResponse:
           Status = 404
    Error message = null
          Headers = {Content-Type=[application/json;charset=UTF-8]}
     Content type = application/json;charset=UTF-8
             Body = {"code":"USR-001","message":"User with entered uuid whose question details are to be seen does not exist","root_cause":null}
    Forwarded URL = null
   Redirected URL = null
          Cookies = []

MockHttpServletRequest:
      HTTP Method = POST
      Request URI = /question/create
       Parameters = {content=[my_question]}
          Headers = {Content-Type=[application/json;charset=UTF-8], authorization=[non_existing_access_token]}
             Body = null
    Session Attrs = {}

Handler:
             Type = com.upgrad.quora.api.controller.QuestionController
           Method = public org.springframework.http.ResponseEntity<com.upgrad.quora.api.model.QuestionResponse> com.upgrad.quora.api.controller.QuestionController.createQuestion(com.upgrad.quora.api.model.QuestionRequest,java.lang.String) throws com.upgrad.quora.service.exception.AuthorizationFailedException,com.upgrad.quora.service.exception.UserNotFoundException

Async:
    Async started = false
     Async result = null

Resolved Exception:
             Type = org.springframework.http.converter.HttpMessageNotReadableException

ModelAndView:
        View name = null
             View = null
            Model = null

FlashMap:
       Attributes = null

MockHttpServletResponse:
           Status = 400
    Error message = null
          Headers = {}
     Content type = null
             Body = 
    Forwarded URL = null
   Redirected URL = null
          Cookies = []
]]></system-out>
  </testcase>
  <testcase name="editQuestionWithWithSignedOutUser" classname="com.upgrad.quora.api.controller.QuestionControllerTest" time="0.005"/>
  <testcase name="editQuestionWithNonExistingAccessToken" classname="com.upgrad.quora.api.controller.QuestionControllerTest" time="0.005"/>
  <testcase name="deleteQuestionWithNonExistingAccessToken" classname="com.upgrad.quora.api.controller.QuestionControllerTest" time="0.005"/>
  <testcase name="editQuestionWithoutOwnership" classname="com.upgrad.quora.api.controller.QuestionControllerTest" time="0.01"/>
  <testcase name="deleteNoneExistingQuestion" classname="com.upgrad.quora.api.controller.QuestionControllerTest" time="0.007"/>
  <testcase name="getAllQuestionsByUserWithSignedOutUser" classname="com.upgrad.quora.api.controller.QuestionControllerTest" time="0.006"/>
  <testcase name="editNonExistingQuestion" classname="com.upgrad.quora.api.controller.QuestionControllerTest" time="0.039">
    <error message="Request processing failed; nested exception is java.lang.NullPointerException" type="org.springframework.web.util.NestedServletException">org.springframework.web.util.NestedServletException: Request processing failed; nested exception is java.lang.NullPointerException
	at com.upgrad.quora.api.controller.QuestionControllerTest.editNonExistingQuestion(QuestionControllerTest.java:93)
Caused by: java.lang.NullPointerException
	at com.upgrad.quora.api.controller.QuestionControllerTest.editNonExistingQuestion(QuestionControllerTest.java:93)
</error>
    <system-out><![CDATA[
MockHttpServletRequest:
      HTTP Method = GET
      Request URI = /question/all
       Parameters = {}
          Headers = {authorization=[database_accesstoken3]}
             Body = null
    Session Attrs = {}

Handler:
             Type = com.upgrad.quora.api.controller.QuestionController
           Method = public org.springframework.http.ResponseEntity<java.util.List<com.upgrad.quora.service.entity.QuestionEntity>> com.upgrad.quora.api.controller.QuestionController.getAllQuestion(java.lang.String) throws com.upgrad.quora.service.exception.AuthorizationFailedException,com.upgrad.quora.service.exception.UserNotFoundException

Async:
    Async started = false
     Async result = null

Resolved Exception:
             Type = com.upgrad.quora.service.exception.AuthorizationFailedException

ModelAndView:
        View name = null
             View = null
            Model = null

FlashMap:
       Attributes = null

MockHttpServletResponse:
           Status = 403
    Error message = null
          Headers = {Content-Type=[application/json;charset=UTF-8]}
     Content type = application/json;charset=UTF-8
             Body = {"code":"ATHR-002","message":"User is signed out","root_cause":null}
    Forwarded URL = null
   Redirected URL = null
          Cookies = []

MockHttpServletRequest:
      HTTP Method = DELETE
      Request URI = /question/delete/database_question_uuid
       Parameters = {}
          Headers = {authorization=[database_accesstoken3]}
             Body = null
    Session Attrs = {}

Handler:
             Type = com.upgrad.quora.api.controller.QuestionController
           Method = public org.springframework.http.ResponseEntity<com.upgrad.quora.api.model.QuestionDeleteResponse> com.upgrad.quora.api.controller.QuestionController.deleteQuestion(java.lang.String,java.lang.String) throws com.upgrad.quora.service.exception.AuthorizationFailedException,com.upgrad.quora.service.exception.InvalidQuestionException

Async:
    Async started = false
     Async result = null

Resolved Exception:
             Type = com.upgrad.quora.service.exception.AuthorizationFailedException

ModelAndView:
        View name = null
             View = null
            Model = null

FlashMap:
       Attributes = null

MockHttpServletResponse:
           Status = 403
    Error message = null
          Headers = {Content-Type=[application/json;charset=UTF-8]}
     Content type = application/json;charset=UTF-8
             Body = {"code":"ATHR-002","message":"User is signed out.Sign in first to delete a question","root_cause":null}
    Forwarded URL = null
   Redirected URL = null
          Cookies = []

MockHttpServletRequest:
      HTTP Method = DELETE
      Request URI = /question/delete/database_question_uuid
       Parameters = {}
          Headers = {authorization=[database_accesstoken2]}
             Body = null
    Session Attrs = {}

Handler:
             Type = com.upgrad.quora.api.controller.QuestionController
           Method = public org.springframework.http.ResponseEntity<com.upgrad.quora.api.model.QuestionDeleteResponse> com.upgrad.quora.api.controller.QuestionController.deleteQuestion(java.lang.String,java.lang.String) throws com.upgrad.quora.service.exception.AuthorizationFailedException,com.upgrad.quora.service.exception.InvalidQuestionException

Async:
    Async started = false
     Async result = null

Resolved Exception:
             Type = com.upgrad.quora.service.exception.AuthorizationFailedException

ModelAndView:
        View name = null
             View = null
            Model = null

FlashMap:
       Attributes = null

MockHttpServletResponse:
           Status = 403
    Error message = null
          Headers = {Content-Type=[application/json;charset=UTF-8]}
     Content type = application/json;charset=UTF-8
             Body = {"code":"ATHR-003","message":"Only the question owner or admin can delete the question","root_cause":null}
    Forwarded URL = null
   Redirected URL = null
          Cookies = []

MockHttpServletRequest:
      HTTP Method = POST
      Request URI = /question/create
       Parameters = {content=[my_question]}
          Headers = {Content-Type=[application/json;charset=UTF-8], authorization=[database_accesstoken3]}
             Body = null
    Session Attrs = {}

Handler:
             Type = com.upgrad.quora.api.controller.QuestionController
           Method = public org.springframework.http.ResponseEntity<com.upgrad.quora.api.model.QuestionResponse> com.upgrad.quora.api.controller.QuestionController.createQuestion(com.upgrad.quora.api.model.QuestionRequest,java.lang.String) throws com.upgrad.quora.service.exception.AuthorizationFailedException,com.upgrad.quora.service.exception.UserNotFoundException

Async:
    Async started = false
     Async result = null

Resolved Exception:
             Type = org.springframework.http.converter.HttpMessageNotReadableException

ModelAndView:
        View name = null
             View = null
            Model = null

FlashMap:
       Attributes = null

MockHttpServletResponse:
           Status = 400
    Error message = null
          Headers = {}
     Content type = null
             Body = 
    Forwarded URL = null
   Redirected URL = null
          Cookies = []

MockHttpServletRequest:
      HTTP Method = GET
      Request URI = /question/all/database_uuid1
       Parameters = {}
          Headers = {authorization=[non_existing_access_token]}
             Body = null
    Session Attrs = {}

Handler:
             Type = com.upgrad.quora.api.controller.QuestionController
           Method = public org.springframework.http.ResponseEntity<java.util.List<com.upgrad.quora.api.model.QuestionDetailsResponse>> com.upgrad.quora.api.controller.QuestionController.getAllQuestionsByUser(java.lang.String,java.lang.String) throws com.upgrad.quora.service.exception.AuthorizationFailedException,com.upgrad.quora.service.exception.UserNotFoundException

Async:
    Async started = false
     Async result = null

Resolved Exception:
             Type = com.upgrad.quora.service.exception.AuthorizationFailedException

ModelAndView:
        View name = null
             View = null
            Model = null

FlashMap:
       Attributes = null

MockHttpServletResponse:
           Status = 403
    Error message = null
          Headers = {Content-Type=[application/json;charset=UTF-8]}
     Content type = application/json;charset=UTF-8
             Body = {"code":"ATHR-001","message":"User has not signed in","root_cause":null}
    Forwarded URL = null
   Redirected URL = null
          Cookies = []

MockHttpServletRequest:
      HTTP Method = GET
      Request URI = /question/all/non_existing_user_uuid
       Parameters = {}
          Headers = {authorization=[database_accesstoken1]}
             Body = null
    Session Attrs = {}

Handler:
             Type = com.upgrad.quora.api.controller.QuestionController
           Method = public org.springframework.http.ResponseEntity<java.util.List<com.upgrad.quora.api.model.QuestionDetailsResponse>> com.upgrad.quora.api.controller.QuestionController.getAllQuestionsByUser(java.lang.String,java.lang.String) throws com.upgrad.quora.service.exception.AuthorizationFailedException,com.upgrad.quora.service.exception.UserNotFoundException

Async:
    Async started = false
     Async result = null

Resolved Exception:
             Type = com.upgrad.quora.service.exception.UserNotFoundException

ModelAndView:
        View name = null
             View = null
            Model = null

FlashMap:
       Attributes = null

MockHttpServletResponse:
           Status = 404
    Error message = null
          Headers = {Content-Type=[application/json;charset=UTF-8]}
     Content type = application/json;charset=UTF-8
             Body = {"code":"USR-001","message":"User with entered uuid whose question details are to be seen does not exist","root_cause":null}
    Forwarded URL = null
   Redirected URL = null
          Cookies = []

MockHttpServletRequest:
      HTTP Method = POST
      Request URI = /question/create
       Parameters = {content=[my_question]}
          Headers = {Content-Type=[application/json;charset=UTF-8], authorization=[non_existing_access_token]}
             Body = null
    Session Attrs = {}

Handler:
             Type = com.upgrad.quora.api.controller.QuestionController
           Method = public org.springframework.http.ResponseEntity<com.upgrad.quora.api.model.QuestionResponse> com.upgrad.quora.api.controller.QuestionController.createQuestion(com.upgrad.quora.api.model.QuestionRequest,java.lang.String) throws com.upgrad.quora.service.exception.AuthorizationFailedException,com.upgrad.quora.service.exception.UserNotFoundException

Async:
    Async started = false
     Async result = null

Resolved Exception:
             Type = org.springframework.http.converter.HttpMessageNotReadableException

ModelAndView:
        View name = null
             View = null
            Model = null

FlashMap:
       Attributes = null

MockHttpServletResponse:
           Status = 400
    Error message = null
          Headers = {}
     Content type = null
             Body = 
    Forwarded URL = null
   Redirected URL = null
          Cookies = []

MockHttpServletRequest:
      HTTP Method = PUT
      Request URI = /question/edit/database_question_uuid
       Parameters = {content=[edited_question]}
          Headers = {Content-Type=[application/json;charset=UTF-8], authorization=[database_accesstoken3]}
             Body = null
    Session Attrs = {}

Handler:
             Type = com.upgrad.quora.api.controller.QuestionController
           Method = public org.springframework.http.ResponseEntity<com.upgrad.quora.api.model.QuestionEditResponse> com.upgrad.quora.api.controller.QuestionController.editQuestion(java.lang.String,java.lang.String,com.upgrad.quora.api.model.QuestionEditRequest) throws com.upgrad.quora.service.exception.AuthorizationFailedException,com.upgrad.quora.service.exception.UserNotFoundException,com.upgrad.quora.service.exception.InvalidQuestionException

Async:
    Async started = false
     Async result = null

Resolved Exception:
             Type = com.upgrad.quora.service.exception.AuthorizationFailedException

ModelAndView:
        View name = null
             View = null
            Model = null

FlashMap:
       Attributes = null

MockHttpServletResponse:
           Status = 403
    Error message = null
          Headers = {Content-Type=[application/json;charset=UTF-8]}
     Content type = application/json;charset=UTF-8
             Body = {"code":"ATHR-002","message":"User is signed out. Sign in first to edit an question","root_cause":null}
    Forwarded URL = null
   Redirected URL = null
          Cookies = []

MockHttpServletRequest:
      HTTP Method = PUT
      Request URI = /question/edit/database_question_uuid
       Parameters = {content=[edited_question]}
          Headers = {Content-Type=[application/json;charset=UTF-8], authorization=[non_existing_access_token]}
             Body = null
    Session Attrs = {}

Handler:
             Type = com.upgrad.quora.api.controller.QuestionController
           Method = public org.springframework.http.ResponseEntity<com.upgrad.quora.api.model.QuestionEditResponse> com.upgrad.quora.api.controller.QuestionController.editQuestion(java.lang.String,java.lang.String,com.upgrad.quora.api.model.QuestionEditRequest) throws com.upgrad.quora.service.exception.AuthorizationFailedException,com.upgrad.quora.service.exception.UserNotFoundException,com.upgrad.quora.service.exception.InvalidQuestionException

Async:
    Async started = false
     Async result = null

Resolved Exception:
             Type = com.upgrad.quora.service.exception.AuthorizationFailedException

ModelAndView:
        View name = null
             View = null
            Model = null

FlashMap:
       Attributes = null

MockHttpServletResponse:
           Status = 403
    Error message = null
          Headers = {Content-Type=[application/json;charset=UTF-8]}
     Content type = application/json;charset=UTF-8
             Body = {"code":"ATHR-001","message":"User has not signed in","root_cause":null}
    Forwarded URL = null
   Redirected URL = null
          Cookies = []

MockHttpServletRequest:
      HTTP Method = DELETE
      Request URI = /question/delete/database_question_uuid
       Parameters = {}
          Headers = {authorization=[non_existing_access_token]}
             Body = null
    Session Attrs = {}

Handler:
             Type = com.upgrad.quora.api.controller.QuestionController
           Method = public org.springframework.http.ResponseEntity<com.upgrad.quora.api.model.QuestionDeleteResponse> com.upgrad.quora.api.controller.QuestionController.deleteQuestion(java.lang.String,java.lang.String) throws com.upgrad.quora.service.exception.AuthorizationFailedException,com.upgrad.quora.service.exception.InvalidQuestionException

Async:
    Async started = false
     Async result = null

Resolved Exception:
             Type = com.upgrad.quora.service.exception.AuthorizationFailedException

ModelAndView:
        View name = null
             View = null
            Model = null

FlashMap:
       Attributes = null

MockHttpServletResponse:
           Status = 403
    Error message = null
          Headers = {Content-Type=[application/json;charset=UTF-8]}
     Content type = application/json;charset=UTF-8
             Body = {"code":"ATHR-001","message":"User has not signed in","root_cause":null}
    Forwarded URL = null
   Redirected URL = null
          Cookies = []

MockHttpServletRequest:
      HTTP Method = PUT
      Request URI = /question/edit/database_question_uuid
       Parameters = {content=[edited_question]}
          Headers = {Content-Type=[application/json;charset=UTF-8], authorization=[database_accesstoken]}
             Body = null
    Session Attrs = {}

Handler:
             Type = com.upgrad.quora.api.controller.QuestionController
           Method = public org.springframework.http.ResponseEntity<com.upgrad.quora.api.model.QuestionEditResponse> com.upgrad.quora.api.controller.QuestionController.editQuestion(java.lang.String,java.lang.String,com.upgrad.quora.api.model.QuestionEditRequest) throws com.upgrad.quora.service.exception.AuthorizationFailedException,com.upgrad.quora.service.exception.UserNotFoundException,com.upgrad.quora.service.exception.InvalidQuestionException

Async:
    Async started = false
     Async result = null

Resolved Exception:
             Type = com.upgrad.quora.service.exception.AuthorizationFailedException

ModelAndView:
        View name = null
             View = null
            Model = null

FlashMap:
       Attributes = null

MockHttpServletResponse:
           Status = 403
    Error message = null
          Headers = {Content-Type=[application/json;charset=UTF-8]}
     Content type = application/json;charset=UTF-8
             Body = {"code":"ATHR-003","message":"Only the question owner can edit the question","root_cause":null}
    Forwarded URL = null
   Redirected URL = null
          Cookies = []

MockHttpServletRequest:
      HTTP Method = DELETE
      Request URI = /question/delete/non_existing_question_uuid
       Parameters = {}
          Headers = {authorization=[database_accesstoken1]}
             Body = null
    Session Attrs = {}

Handler:
             Type = com.upgrad.quora.api.controller.QuestionController
           Method = public org.springframework.http.ResponseEntity<com.upgrad.quora.api.model.QuestionDeleteResponse> com.upgrad.quora.api.controller.QuestionController.deleteQuestion(java.lang.String,java.lang.String) throws com.upgrad.quora.service.exception.AuthorizationFailedException,com.upgrad.quora.service.exception.InvalidQuestionException

Async:
    Async started = false
     Async result = null

Resolved Exception:
             Type = com.upgrad.quora.service.exception.InvalidQuestionException

ModelAndView:
        View name = null
             View = null
            Model = null

FlashMap:
       Attributes = null

MockHttpServletResponse:
           Status = 404
    Error message = null
          Headers = {Content-Type=[application/json;charset=UTF-8]}
     Content type = application/json;charset=UTF-8
             Body = {"code":"QUES-001","message":"Entered question uuid does not exist","root_cause":null}
    Forwarded URL = null
   Redirected URL = null
          Cookies = []

MockHttpServletRequest:
      HTTP Method = GET
      Request URI = /question/all/database_uuid1
       Parameters = {}
          Headers = {authorization=[database_accesstoken3]}
             Body = null
    Session Attrs = {}

Handler:
             Type = com.upgrad.quora.api.controller.QuestionController
           Method = public org.springframework.http.ResponseEntity<java.util.List<com.upgrad.quora.api.model.QuestionDetailsResponse>> com.upgrad.quora.api.controller.QuestionController.getAllQuestionsByUser(java.lang.String,java.lang.String) throws com.upgrad.quora.service.exception.AuthorizationFailedException,com.upgrad.quora.service.exception.UserNotFoundException

Async:
    Async started = false
     Async result = null

Resolved Exception:
             Type = com.upgrad.quora.service.exception.AuthorizationFailedException

ModelAndView:
        View name = null
             View = null
            Model = null

FlashMap:
       Attributes = null

MockHttpServletResponse:
           Status = 403
    Error message = null
          Headers = {Content-Type=[application/json;charset=UTF-8]}
     Content type = application/json;charset=UTF-8
             Body = {"code":"ATHR-002","message":"User is signed out.Sign in first to get all questions posted by a specific user","root_cause":null}
    Forwarded URL = null
   Redirected URL = null
          Cookies = []
]]></system-out>
  </testcase>
  <testcase name="getAllQuestions" classname="com.upgrad.quora.api.controller.QuestionControllerTest" time="0"/>
  <testcase name="getAllQuestionsWithNonExistingAccessToken" classname="com.upgrad.quora.api.controller.QuestionControllerTest" time="0"/>
</testsuite>